<?xml version="1.0" encoding="UTF-8"?>
<!-- Generated by org.testng.reporters.JUnitReportReporter -->
<testsuite hostname="LAPTOP-IFI7L37N" failures="0" tests="3" name="Hao.XoaNguoiDung" time="110.082" errors="0" timestamp="2025-02-22T23:21:13 ICT" skipped="0">
  <testcase classname="Hao.XoaNguoiDung" name="AuthenTk" time="89.522"/>
  <system-out/>
  <testcase classname="Hao.XoaNguoiDung" name="NguoiDung" time="9.277"/>
  <system-out/>
  <testcase classname="Hao.XoaNguoiDung" name="Xoa" time="11.283"/>
  <system-out/>
</testsuite> <!-- Hao.XoaNguoiDung -->
