<?xml version="1.0" encoding="UTF-8"?>
<!-- Generated by org.testng.reporters.JUnitReportReporter -->
<testsuite hostname="LAPTOP-IFI7L37N" failures="0" tests="2" name="Khiem.XemdanhsachHK" time="83.120" errors="0" timestamp="2025-02-27T08:23:24 ICT" skipped="0">
  <testcase classname="Khiem.XemdanhsachHK" name="AuthenTk" time="62.629"/>
  <system-out/>
  <testcase classname="Khiem.XemdanhsachHK" name="xemdanhsach" time="20.491"/>
  <system-out/>
</testsuite> <!-- Khiem.XemdanhsachHK -->
