<?xml version="1.0" encoding="UTF-8"?>
<!-- Generated by org.testng.reporters.JUnitReportReporter -->
<testsuite hostname="LAPTOP-IFI7L37N" failures="0" tests="2" name="Khiem.TaoNguoiDung" time="86.786" errors="0" timestamp="2025-02-21T20:05:05 ICT" skipped="0">
  <testcase classname="Khiem.TaoNguoiDung" name="AuthenTk" time="66.849"/>
  <system-out/>
  <testcase classname="Khiem.TaoNguoiDung" name="user" time="19.937"/>
  <system-out/>
</testsuite> <!-- Khiem.TaoNguoiDung -->
