<?xml version="1.0" encoding="UTF-8"?>
<!-- Generated by org.testng.reporters.JUnitReportReporter -->
<testsuite hostname="LAPTOP-IFI7L37N" failures="0" tests="3" name="QuanLyHK.XoaHK" time="80.373" errors="0" timestamp="2025-02-27T16:56:02 ICT" skipped="0">
  <testcase classname="QuanLyHK.XoaHK" name="AuthenTk" time="59.797"/>
  <system-out/>
  <testcase classname="QuanLyHK.XoaHK" name="HocKyvaNganh" time="9.310"/>
  <system-out/>
  <testcase classname="QuanLyHK.XoaHK" name="Xoahocky" time="11.266"/>
  <system-out/>
</testsuite> <!-- QuanLyHK.XoaHK -->
