<?xml version="1.0" encoding="UTF-8"?>
<!-- Generated by org.testng.reporters.JUnitReportReporter -->
<testsuite hostname="LAPTOP-IFI7L37N" failures="0" tests="3" name="Hao.TimkiemTKNguoiDung" time="87.609" errors="0" timestamp="2025-02-27T08:17:39 ICT" skipped="0">
  <testcase classname="Hao.TimkiemTKNguoiDung" name="AuthenTk" time="78.733"/>
  <system-out/>
  <testcase classname="Hao.TimkiemTKNguoiDung" name="timkiemnguoidung1" time="4.522"/>
  <system-out/>
  <testcase classname="Hao.TimkiemTKNguoiDung" name="timkiemnguoidung2" time="4.354"/>
  <system-out/>
</testsuite> <!-- Hao.TimkiemTKNguoiDung -->
