<?xml version="1.0" encoding="UTF-8"?>
<!-- Generated by org.testng.reporters.JUnitReportReporter -->
<testsuite hostname="LAPTOP-IFI7L37N" failures="0" tests="4" name="Khiem.Xemhosotrangweb" time="75.680" errors="0" timestamp="2025-02-19T13:44:57 ICT" skipped="0">
  <testcase classname="Khiem.Xemhosotrangweb" name="XacThucWebSite" time="9.999"/>
  <system-out/>
  <testcase classname="Khiem.Xemhosotrangweb" name="LoginTKVLU" time="24.873"/>
  <system-out/>
  <testcase classname="Khiem.Xemhosotrangweb" name="AuthenTk" time="24.063"/>
  <system-out/>
  <testcase classname="Khiem.Xemhosotrangweb" name="XemdanhSach" time="16.745"/>
  <system-out/>
</testsuite> <!-- Khiem.Xemhosotrangweb -->
