<?xml version="1.0" encoding="UTF-8"?>
<!-- Generated by org.testng.reporters.JUnitReportReporter -->
<testsuite hostname="LAPTOP-IFI7L37N" failures="0" tests="2" name="User.DangNhap_DangXuat" time="61.993" errors="0" timestamp="2025-02-27T08:58:24 ICT" skipped="0">
  <testcase classname="User.DangNhap_DangXuat" name="AuthenTk" time="56.249"/>
  <system-out/>
  <testcase classname="User.DangNhap_DangXuat" name="Out" time="5.744"/>
  <system-out/>
</testsuite> <!-- User.DangNhap_DangXuat -->
