<?xml version="1.0" encoding="UTF-8"?>
<!-- Generated by org.testng.reporters.JUnitReportReporter -->
<testsuite hostname="LAPTOP-IFI7L37N" failures="0" tests="2" name="User.XemHS_User" time="71.043" errors="0" timestamp="2025-02-27T15:57:37 ICT" skipped="0">
  <testcase classname="User.XemHS_User" name="AuthenTk" time="54.190"/>
  <system-out/>
  <testcase classname="User.XemHS_User" name="XemdanhSach" time="16.853"/>
  <system-out/>
</testsuite> <!-- User.XemHS_User -->
