<?xml version="1.0" encoding="UTF-8"?>
<!-- Generated by org.testng.reporters.JUnitReportReporter -->
<testsuite hostname="LAPTOP-IFI7L37N" failures="0" tests="1" name="Khiem.NewTest" time="0.008" errors="0" timestamp="2025-02-17T13:42:40 ICT" skipped="0">
  <testcase classname="Khiem.NewTest" name="f" time="0.008"/>
  <system-out/>
</testsuite> <!-- Khiem.NewTest -->
